<?xml version="1.0" encoding="UTF-8"?>
<!-- Generated by org.testng.reporters.JUnitReportReporter -->
<testsuite hostname="LAPTOP-4UCJS4IR" name="test1.assignment3" tests="5" failures="0" timestamp="21 Mar 2022 11:00:34 GMT" time="12.061" errors="0">
  <testcase name="logout" time="1.779" classname="test1.assignment3"/>
  <testcase name="login" time="1.771" classname="test1.assignment3"/>
  <testcase name="createUser" time="5.029" classname="test1.assignment3"/>
  <testcase name="delete" time="1.704" classname="test1.assignment3"/>
  <testcase name="edit" time="1.778" classname="test1.assignment3"/>
</testsuite> <!-- test1.assignment3 -->
