<?xml version="1.0" encoding="UTF-8"?>
<!-- Generated by org.testng.reporters.JUnitReportReporter -->
<testsuite hostname="LAPTOP-4UCJS4IR" name="test1.assignment3_with_pojo" tests="5" failures="0" timestamp="21 Mar 2022 11:01:04 GMT" time="13.078" errors="0">
  <testcase name="edit" time="1.860" classname="test1.assignment3_with_pojo"/>
  <testcase name="logout" time="1.761" classname="test1.assignment3_with_pojo"/>
  <testcase name="delete" time="1.722" classname="test1.assignment3_with_pojo"/>
  <testcase name="createUser" time="5.905" classname="test1.assignment3_with_pojo"/>
  <testcase name="login" time="1.830" classname="test1.assignment3_with_pojo"/>
</testsuite> <!-- test1.assignment3_with_pojo -->
