<?xml version="1.0" encoding="UTF-8"?>
<!-- Generated by org.testng.reporters.JUnitReportReporter -->
<testsuite hostname="LAPTOP-4UCJS4IR" name="test1.firstTest" tests="1" failures="0" timestamp="21 Mar 2022 04:18:40 GMT" time="1.153" errors="0">
  <testcase name="complexjson" time="1.153" classname="test1.firstTest"/>
</testsuite> <!-- test1.firstTest -->
